Starting low stock report generation...
Checking for products with stock below 10...
Error: Class "MongoDB\Driver\Manager" not found in /home/karthikeya.a/Desktop/dummy_project/yii/vendor/mongodb/mongodb/src/Client.php:118
Stack trace:
#0 /home/karthikeya.a/Desktop/dummy_project/yii/protected/extensions/YiiMongoDbSuite/EMongoDB.php(145): MongoDB\Client->__construct()
#1 /home/karthikeya.a/Desktop/dummy_project/yii/protected/extensions/YiiMongoDbSuite/EMongoDB.php(182): EMongoDB->getConnection()
#2 /home/karthikeya.a/Desktop/dummy_project/yii/protected/extensions/YiiMongoDbSuite/EMongoDocument.php(167): EMongoDB->getDbInstance()
#3 /home/karthikeya.a/Desktop/dummy_project/yii/protected/extensions/YiiMongoDbSuite/EMongoDocument.php(192): EMongoDocument->getDb()
#4 /home/karthikeya.a/Desktop/dummy_project/yii/protected/commands/ReportCommand.php(24): EMongoDocument->getCollection()
#5 /home/karthikeya.a/Desktop/dummy_project/yii/protected/commands/ReportCommand.php(15): ReportCommand->generateAndEmailLowStockReport()
#6 /home/karthikeya.a/Desktop/dummy_project/yii/framework/console/CConsoleCommandRunner.php(71): ReportCommand->run()
#7 /home/karthikeya.a/Desktop/dummy_project/yii/framework/console/CConsoleApplication.php(92): CConsoleCommandRunner->run()
#8 /home/karthikeya.a/Desktop/dummy_project/yii/framework/base/CApplication.php(185): CConsoleApplication->processRequest()
#9 /home/karthikeya.a/Desktop/dummy_project/yii/protected/index.php(19): CApplication->run()
#10 /home/karthikeya.a/Desktop/dummy_project/yii/protected/yiic(4): require_once('...')
#11 {main}Error: Class "MongoDB\Driver\Manager" not found in /home/karthikeya.a/Desktop/dummy_project/yii/vendor/mongodb/mongodb/src/Client.php:118
Stack trace:
#0 /home/karthikeya.a/Desktop/dummy_project/yii/protected/extensions/YiiMongoDbSuite/EMongoDB.php(145): MongoDB\Client->__construct()
#1 /home/karthikeya.a/Desktop/dummy_project/yii/protected/extensions/YiiMongoDbSuite/EMongoDB.php(182): EMongoDB->getConnection()
#2 /home/karthikeya.a/Desktop/dummy_project/yii/protected/extensions/YiiMongoDbSuite/EMongoDocument.php(167): EMongoDB->getDbInstance()
#3 /home/karthikeya.a/Desktop/dummy_project/yii/protected/extensions/YiiMongoDbSuite/EMongoDocument.php(192): EMongoDocument->getDb()
#4 /home/karthikeya.a/Desktop/dummy_project/yii/protected/extensions/YiiMongoDbSuite/EMongoDocument.php(396): EMongoDocument->getCollection()
#5 /home/karthikeya.a/Desktop/dummy_project/yii/protected/extensions/YiiMongoDbSuite/EMongoDocument.php(98): EMongoDocument->init()
#6 /home/karthikeya.a/Desktop/dummy_project/yii/protected/components/MongoDbLogRoute.php(13): EMongoDocument->__construct()
#7 /home/karthikeya.a/Desktop/dummy_project/yii/framework/logging/CLogRoute.php(104): MongoDbLogRoute->processLogs()
#8 /home/karthikeya.a/Desktop/dummy_project/yii/framework/logging/CLogRouter.php(108): CLogRoute->collectLogs()
#9 /home/karthikeya.a/Desktop/dummy_project/yii/framework/base/CComponent.php(559): CLogRouter->collectLogs()
#10 /home/karthikeya.a/Desktop/dummy_project/yii/framework/logging/CLogger.php(352): CComponent->raiseEvent()
#11 /home/karthikeya.a/Desktop/dummy_project/yii/framework/logging/CLogger.php(340): CLogger->onFlush()
#12 /home/karthikeya.a/Desktop/dummy_project/yii/framework/logging/CLogRouter.php(120): CLogger->flush()
#13 /home/karthikeya.a/Desktop/dummy_project/yii/framework/base/CComponent.php(559): CLogRouter->processLogs()
#14 /home/karthikeya.a/Desktop/dummy_project/yii/framework/base/CApplication.php(224): CComponent->raiseEvent()
#15 /home/karthikeya.a/Desktop/dummy_project/yii/framework/base/CApplication.php(201): CApplication->onEndRequest()
#16 /home/karthikeya.a/Desktop/dummy_project/yii/framework/base/CApplication.php(762): CApplication->end()
#17 [internal function]: CApplication->handleException()
#18 {main}Starting low stock report generation...
Checking for products with stock below 10...
Error: Class "MongoDB\Driver\Manager" not found in /home/karthikeya.a/Desktop/dummy_project/yii/vendor/mongodb/mongodb/src/Client.php:118
Stack trace:
#0 /home/karthikeya.a/Desktop/dummy_project/yii/protected/extensions/YiiMongoDbSuite/EMongoDB.php(145): MongoDB\Client->__construct()
#1 /home/karthikeya.a/Desktop/dummy_project/yii/protected/extensions/YiiMongoDbSuite/EMongoDB.php(182): EMongoDB->getConnection()
#2 /home/karthikeya.a/Desktop/dummy_project/yii/protected/extensions/YiiMongoDbSuite/EMongoDocument.php(167): EMongoDB->getDbInstance()
#3 /home/karthikeya.a/Desktop/dummy_project/yii/protected/extensions/YiiMongoDbSuite/EMongoDocument.php(192): EMongoDocument->getDb()
#4 /home/karthikeya.a/Desktop/dummy_project/yii/protected/commands/ReportCommand.php(24): EMongoDocument->getCollection()
#5 /home/karthikeya.a/Desktop/dummy_project/yii/protected/commands/ReportCommand.php(15): ReportCommand->generateAndEmailLowStockReport()
#6 /home/karthikeya.a/Desktop/dummy_project/yii/framework/console/CConsoleCommandRunner.php(71): ReportCommand->run()
#7 /home/karthikeya.a/Desktop/dummy_project/yii/framework/console/CConsoleApplication.php(92): CConsoleCommandRunner->run()
#8 /home/karthikeya.a/Desktop/dummy_project/yii/framework/base/CApplication.php(185): CConsoleApplication->processRequest()
#9 /home/karthikeya.a/Desktop/dummy_project/yii/protected/index.php(19): CApplication->run()
#10 /home/karthikeya.a/Desktop/dummy_project/yii/protected/yiic(4): require_once('...')
#11 {main}Error: Class "MongoDB\Driver\Manager" not found in /home/karthikeya.a/Desktop/dummy_project/yii/vendor/mongodb/mongodb/src/Client.php:118
Stack trace:
#0 /home/karthikeya.a/Desktop/dummy_project/yii/protected/extensions/YiiMongoDbSuite/EMongoDB.php(145): MongoDB\Client->__construct()
#1 /home/karthikeya.a/Desktop/dummy_project/yii/protected/extensions/YiiMongoDbSuite/EMongoDB.php(182): EMongoDB->getConnection()
#2 /home/karthikeya.a/Desktop/dummy_project/yii/protected/extensions/YiiMongoDbSuite/EMongoDocument.php(167): EMongoDB->getDbInstance()
#3 /home/karthikeya.a/Desktop/dummy_project/yii/protected/extensions/YiiMongoDbSuite/EMongoDocument.php(192): EMongoDocument->getDb()
#4 /home/karthikeya.a/Desktop/dummy_project/yii/protected/extensions/YiiMongoDbSuite/EMongoDocument.php(396): EMongoDocument->getCollection()
#5 /home/karthikeya.a/Desktop/dummy_project/yii/protected/extensions/YiiMongoDbSuite/EMongoDocument.php(98): EMongoDocument->init()
#6 /home/karthikeya.a/Desktop/dummy_project/yii/protected/components/MongoDbLogRoute.php(13): EMongoDocument->__construct()
#7 /home/karthikeya.a/Desktop/dummy_project/yii/framework/logging/CLogRoute.php(104): MongoDbLogRoute->processLogs()
#8 /home/karthikeya.a/Desktop/dummy_project/yii/framework/logging/CLogRouter.php(108): CLogRoute->collectLogs()
#9 /home/karthikeya.a/Desktop/dummy_project/yii/framework/base/CComponent.php(559): CLogRouter->collectLogs()
#10 /home/karthikeya.a/Desktop/dummy_project/yii/framework/logging/CLogger.php(352): CComponent->raiseEvent()
#11 /home/karthikeya.a/Desktop/dummy_project/yii/framework/logging/CLogger.php(340): CLogger->onFlush()
#12 /home/karthikeya.a/Desktop/dummy_project/yii/framework/logging/CLogRouter.php(120): CLogger->flush()
#13 /home/karthikeya.a/Desktop/dummy_project/yii/framework/base/CComponent.php(559): CLogRouter->processLogs()
#14 /home/karthikeya.a/Desktop/dummy_project/yii/framework/base/CApplication.php(224): CComponent->raiseEvent()
#15 /home/karthikeya.a/Desktop/dummy_project/yii/framework/base/CApplication.php(201): CApplication->onEndRequest()
#16 /home/karthikeya.a/Desktop/dummy_project/yii/framework/base/CApplication.php(762): CApplication->end()
#17 [internal function]: CApplication->handleException()
#18 {main}Starting low stock report generation...
Checking for products with stock below 10...
Error: Class "MongoDB\Driver\Manager" not found in /home/karthikeya.a/Desktop/dummy_project/yii/vendor/mongodb/mongodb/src/Client.php:118
Stack trace:
#0 /home/karthikeya.a/Desktop/dummy_project/yii/protected/extensions/YiiMongoDbSuite/EMongoDB.php(145): MongoDB\Client->__construct()
#1 /home/karthikeya.a/Desktop/dummy_project/yii/protected/extensions/YiiMongoDbSuite/EMongoDB.php(182): EMongoDB->getConnection()
#2 /home/karthikeya.a/Desktop/dummy_project/yii/protected/extensions/YiiMongoDbSuite/EMongoDocument.php(167): EMongoDB->getDbInstance()
#3 /home/karthikeya.a/Desktop/dummy_project/yii/protected/extensions/YiiMongoDbSuite/EMongoDocument.php(192): EMongoDocument->getDb()
#4 /home/karthikeya.a/Desktop/dummy_project/yii/protected/commands/ReportCommand.php(24): EMongoDocument->getCollection()
#5 /home/karthikeya.a/Desktop/dummy_project/yii/protected/commands/ReportCommand.php(15): ReportCommand->generateAndEmailLowStockReport()
#6 /home/karthikeya.a/Desktop/dummy_project/yii/framework/console/CConsoleCommandRunner.php(71): ReportCommand->run()
#7 /home/karthikeya.a/Desktop/dummy_project/yii/framework/console/CConsoleApplication.php(92): CConsoleCommandRunner->run()
#8 /home/karthikeya.a/Desktop/dummy_project/yii/framework/base/CApplication.php(185): CConsoleApplication->processRequest()
#9 /home/karthikeya.a/Desktop/dummy_project/yii/protected/index.php(19): CApplication->run()
#10 /home/karthikeya.a/Desktop/dummy_project/yii/protected/yiic(4): require_once('...')
#11 {main}Error: Class "MongoDB\Driver\Manager" not found in /home/karthikeya.a/Desktop/dummy_project/yii/vendor/mongodb/mongodb/src/Client.php:118
Stack trace:
#0 /home/karthikeya.a/Desktop/dummy_project/yii/protected/extensions/YiiMongoDbSuite/EMongoDB.php(145): MongoDB\Client->__construct()
#1 /home/karthikeya.a/Desktop/dummy_project/yii/protected/extensions/YiiMongoDbSuite/EMongoDB.php(182): EMongoDB->getConnection()
#2 /home/karthikeya.a/Desktop/dummy_project/yii/protected/extensions/YiiMongoDbSuite/EMongoDocument.php(167): EMongoDB->getDbInstance()
#3 /home/karthikeya.a/Desktop/dummy_project/yii/protected/extensions/YiiMongoDbSuite/EMongoDocument.php(192): EMongoDocument->getDb()
#4 /home/karthikeya.a/Desktop/dummy_project/yii/protected/extensions/YiiMongoDbSuite/EMongoDocument.php(396): EMongoDocument->getCollection()
#5 /home/karthikeya.a/Desktop/dummy_project/yii/protected/extensions/YiiMongoDbSuite/EMongoDocument.php(98): EMongoDocument->init()
#6 /home/karthikeya.a/Desktop/dummy_project/yii/protected/components/MongoDbLogRoute.php(13): EMongoDocument->__construct()
#7 /home/karthikeya.a/Desktop/dummy_project/yii/framework/logging/CLogRoute.php(104): MongoDbLogRoute->processLogs()
#8 /home/karthikeya.a/Desktop/dummy_project/yii/framework/logging/CLogRouter.php(108): CLogRoute->collectLogs()
#9 /home/karthikeya.a/Desktop/dummy_project/yii/framework/base/CComponent.php(559): CLogRouter->collectLogs()
#10 /home/karthikeya.a/Desktop/dummy_project/yii/framework/logging/CLogger.php(352): CComponent->raiseEvent()
#11 /home/karthikeya.a/Desktop/dummy_project/yii/framework/logging/CLogger.php(340): CLogger->onFlush()
#12 /home/karthikeya.a/Desktop/dummy_project/yii/framework/logging/CLogRouter.php(120): CLogger->flush()
#13 /home/karthikeya.a/Desktop/dummy_project/yii/framework/base/CComponent.php(559): CLogRouter->processLogs()
#14 /home/karthikeya.a/Desktop/dummy_project/yii/framework/base/CApplication.php(224): CComponent->raiseEvent()
#15 /home/karthikeya.a/Desktop/dummy_project/yii/framework/base/CApplication.php(201): CApplication->onEndRequest()
#16 /home/karthikeya.a/Desktop/dummy_project/yii/framework/base/CApplication.php(762): CApplication->end()
#17 [internal function]: CApplication->handleException()
#18 {main}Starting low stock report generation...
Checking for products with stock below 10...
Error: Class "MongoDB\Driver\Manager" not found in /home/karthikeya.a/Desktop/dummy_project/yii/vendor/mongodb/mongodb/src/Client.php:118
Stack trace:
#0 /home/karthikeya.a/Desktop/dummy_project/yii/protected/extensions/YiiMongoDbSuite/EMongoDB.php(145): MongoDB\Client->__construct()
#1 /home/karthikeya.a/Desktop/dummy_project/yii/protected/extensions/YiiMongoDbSuite/EMongoDB.php(182): EMongoDB->getConnection()
#2 /home/karthikeya.a/Desktop/dummy_project/yii/protected/extensions/YiiMongoDbSuite/EMongoDocument.php(167): EMongoDB->getDbInstance()
#3 /home/karthikeya.a/Desktop/dummy_project/yii/protected/extensions/YiiMongoDbSuite/EMongoDocument.php(192): EMongoDocument->getDb()
#4 /home/karthikeya.a/Desktop/dummy_project/yii/protected/commands/ReportCommand.php(24): EMongoDocument->getCollection()
#5 /home/karthikeya.a/Desktop/dummy_project/yii/protected/commands/ReportCommand.php(15): ReportCommand->generateAndEmailLowStockReport()
#6 /home/karthikeya.a/Desktop/dummy_project/yii/framework/console/CConsoleCommandRunner.php(71): ReportCommand->run()
#7 /home/karthikeya.a/Desktop/dummy_project/yii/framework/console/CConsoleApplication.php(92): CConsoleCommandRunner->run()
#8 /home/karthikeya.a/Desktop/dummy_project/yii/framework/base/CApplication.php(185): CConsoleApplication->processRequest()
#9 /home/karthikeya.a/Desktop/dummy_project/yii/protected/index.php(19): CApplication->run()
#10 /home/karthikeya.a/Desktop/dummy_project/yii/protected/yiic(4): require_once('...')
#11 {main}Error: Class "MongoDB\Driver\Manager" not found in /home/karthikeya.a/Desktop/dummy_project/yii/vendor/mongodb/mongodb/src/Client.php:118
Stack trace:
#0 /home/karthikeya.a/Desktop/dummy_project/yii/protected/extensions/YiiMongoDbSuite/EMongoDB.php(145): MongoDB\Client->__construct()
#1 /home/karthikeya.a/Desktop/dummy_project/yii/protected/extensions/YiiMongoDbSuite/EMongoDB.php(182): EMongoDB->getConnection()
#2 /home/karthikeya.a/Desktop/dummy_project/yii/protected/extensions/YiiMongoDbSuite/EMongoDocument.php(167): EMongoDB->getDbInstance()
#3 /home/karthikeya.a/Desktop/dummy_project/yii/protected/extensions/YiiMongoDbSuite/EMongoDocument.php(192): EMongoDocument->getDb()
#4 /home/karthikeya.a/Desktop/dummy_project/yii/protected/extensions/YiiMongoDbSuite/EMongoDocument.php(396): EMongoDocument->getCollection()
#5 /home/karthikeya.a/Desktop/dummy_project/yii/protected/extensions/YiiMongoDbSuite/EMongoDocument.php(98): EMongoDocument->init()
#6 /home/karthikeya.a/Desktop/dummy_project/yii/protected/components/MongoDbLogRoute.php(13): EMongoDocument->__construct()
#7 /home/karthikeya.a/Desktop/dummy_project/yii/framework/logging/CLogRoute.php(104): MongoDbLogRoute->processLogs()
#8 /home/karthikeya.a/Desktop/dummy_project/yii/framework/logging/CLogRouter.php(108): CLogRoute->collectLogs()
#9 /home/karthikeya.a/Desktop/dummy_project/yii/framework/base/CComponent.php(559): CLogRouter->collectLogs()
#10 /home/karthikeya.a/Desktop/dummy_project/yii/framework/logging/CLogger.php(352): CComponent->raiseEvent()
#11 /home/karthikeya.a/Desktop/dummy_project/yii/framework/logging/CLogger.php(340): CLogger->onFlush()
#12 /home/karthikeya.a/Desktop/dummy_project/yii/framework/logging/CLogRouter.php(120): CLogger->flush()
#13 /home/karthikeya.a/Desktop/dummy_project/yii/framework/base/CComponent.php(559): CLogRouter->processLogs()
#14 /home/karthikeya.a/Desktop/dummy_project/yii/framework/base/CApplication.php(224): CComponent->raiseEvent()
#15 /home/karthikeya.a/Desktop/dummy_project/yii/framework/base/CApplication.php(201): CApplication->onEndRequest()
#16 /home/karthikeya.a/Desktop/dummy_project/yii/framework/base/CApplication.php(762): CApplication->end()
#17 [internal function]: CApplication->handleException()
#18 {main}Starting low stock report generation...
